CloudBox_StoreApp/proguard/seeds.txt
com.zhidian.wifibox.activity.APKManageActivity
com.zhidian.wifibox.activity.APKManageActivity: APKManageActivity()
com.zhidian.wifibox.activity.APKManageActivity: void onClick(android.view.View)
com.zhidian.wifibox.activity.AboutUsActivity
com.zhidian.wifibox.activity.AboutUsActivity: AboutUsActivity()
com.zhidian.wifibox.activity.AppDetailActivity
com.zhidian.wifibox.activity.AppDetailActivity: AppDetailActivity()
com.zhidian.wifibox.activity.AppDetailActivity: void onClick(android.view.View)
com.zhidian.wifibox.activity.AppManageActivity
com.zhidian.wifibox.activity.AppManageActivity: AppManageActivity()
com.zhidian.wifibox.activity.AppManageActivity: void onClick(android.view.View)
com.zhidian.wifibox.activity.AppRemoveActivity
com.zhidian.wifibox.activity.AppRemoveActivity: AppRemoveActivity()
com.zhidian.wifibox.activity.AppRemoveActivity: void onClick(android.view.View)
com.zhidian.wifibox.activity.AppUpdateActivity
com.zhidian.wifibox.activity.AppUpdateActivity: AppUpdateActivity()
com.zhidian.wifibox.activity.AppUpdateActivity: void onClick(android.view.View)
com.zhidian.wifibox.activity.CacheCleanerActivity
com.zhidian.wifibox.activity.CacheCleanerActivity: CacheCleanerActivity()
com.zhidian.wifibox.activity.CleanupActivity
com.zhidian.wifibox.activity.CleanupActivity: CleanupActivity()
com.zhidian.wifibox.activity.DownloadManagerActivity
com.zhidian.wifibox.activity.DownloadManagerActivity: DownloadManagerActivity()
com.zhidian.wifibox.activity.FeedbackActivity
com.zhidian.wifibox.activity.FeedbackActivity: FeedbackActivity()
com.zhidian.wifibox.activity.ImagePagerActivity
com.zhidian.wifibox.activity.ImagePagerActivity: ImagePagerActivity()
com.zhidian.wifibox.activity.ImprintActivity
com.zhidian.wifibox.activity.ImprintActivity: ImprintActivity()
com.zhidian.wifibox.activity.MainActivity
com.zhidian.wifibox.activity.MainActivity: MainActivity()
com.zhidian.wifibox.activity.ProcessManagerActivity
com.zhidian.wifibox.activity.ProcessManagerActivity: ProcessManagerActivity()
com.zhidian.wifibox.activity.RecycleActivity
com.zhidian.wifibox.activity.RecycleActivity: RecycleActivity()
com.zhidian.wifibox.activity.RecycleActivity: void onClick(android.view.View)
com.zhidian.wifibox.activity.TrashScanActivity
com.zhidian.wifibox.activity.TrashScanActivity: TrashScanActivity()
com.zhidian.wifibox.data.AppDataBean
com.zhidian.wifibox.data.AppDataBean: long id
com.zhidian.wifibox.data.AppDataBean: java.lang.String name
com.zhidian.wifibox.data.AppDataBean: java.lang.String explain
com.zhidian.wifibox.data.AppDataBean: java.lang.String iconUrl
com.zhidian.wifibox.data.AppDataBean: long downloads
com.zhidian.wifibox.data.AppDataBean: java.lang.String downloadUrl
com.zhidian.wifibox.data.AppDataBean: int score
com.zhidian.wifibox.data.AppDataBean: int size
com.zhidian.wifibox.data.AppDataBean: java.lang.String packName
com.zhidian.wifibox.data.AppDataBean: java.lang.String version
com.zhidian.wifibox.data.AppDataBean: int downloadStatus
com.zhidian.wifibox.data.AppDataBean: int alreadyDownloadPercent
com.zhidian.wifibox.data.AppDataBean: AppDataBean()
...
com.ta.common.Arrays
com.ta.common.Arrays: boolean $assertionsDisabled
com.ta.common.Arrays: void <clinit>()
com.ta.common.Arrays: Arrays()
com.ta.common.Arrays: java.util.List asList(java.lang.Object[])
com.ta.common.Arrays: int binarySearch(byte[],byte)
com.ta.common.Arrays: int binarySearch(byte[],int,int,byte)
com.ta.common.Arrays: int binarySearch(char[],char)
com.ta.common.Arrays: int binarySearch(char[],int,int,char)
com.ta.common.Arrays: int binarySearch(double[],double)
com.ta.common.Arrays: int binarySearch(double[],int,int,double)
com.ta.common.Arrays: int binarySearch(float[],float)
com.ta.common.Arrays: int binarySearch(float[],int,int,float)
com.ta.common.Arrays: int binarySearch(int[],int)
com.ta.common.Arrays: int binarySearch(int[],int,int,int)
com.ta.common.Arrays: int binarySearch(long[],long)
com.ta.common.Arrays: int binarySearch(long[],int,int,long)
com.ta.common.Arrays: int binarySearch(java.lang.Object[],java.lang.Object)
com.ta.common.Arrays: int binarySearch(java.lang.Object[],int,int,java.lang.Object)
com.ta.common.Arrays: int binarySearch(java.lang.Object[],java.lang.Object,java.util.Comparator)
com.ta.common.Arrays: int binarySearch(java.lang.Object[],int,int,java.lang.Object,java.util.Comparator)
com.ta.common.Arrays: int binarySearch(short[],short)
com.ta.common.Arrays: int binarySearch(short[],int,int,short)
com.ta.common.Arrays: void checkBinarySearchBounds(int,int,int)
com.ta.common.Arrays: void fill(byte[],byte)
com.ta.common.Arrays$ArrayList
com.ta.common.Arrays$ArrayList: long serialVersionUID
com.ta.common.Arrays$ArrayList: java.lang.Object[] a
com.ta.common.Arrays$ArrayList: Arrays$ArrayList(java.lang.Object[])
com.ta.common.Arrays$ArrayList: boolean contains(java.lang.Object)
com.ta.common.Arrays$ArrayList: java.lang.Object get(int)
com.ta.common.Arrays$ArrayList: int indexOf(java.lang.Object)
com.ta.common.Arrays$ArrayList: int lastIndexOf(java.lang.Object)
com.ta.common.Arrays$ArrayList: java.lang.Object set(int,java.lang.Object)
com.ta.common.Arrays$ArrayList: int size()
com.ta.common.Arrays$ArrayList: java.lang.Object[] toArray()
com.ta.common.Arrays$ArrayList: java.lang.Object[] toArray(java.lang.Object[])
com.ta.common.AsyncTask
com.ta.common.AsyncTask: java.lang.String LOG_TAG
com.ta.common.AsyncTask: int CORE_POOL_SIZE
com.ta.common.AsyncTask: int MAXIMUM_POOL_SIZE
com.ta.common.AsyncTask: int KEEP_ALIVE
com.ta.common.AsyncTask: java.util.concurrent.ThreadFactory sThreadFactory
com.ta.common.AsyncTask: java.util.concurrent.BlockingQueue sPoolWorkQueue
com.ta.common.AsyncTask: java.util.concurrent.Executor THREAD_POOL_EXECUTOR
com.ta.common.AsyncTask: java.util.concurrent.Executor SERIAL_EXECUTOR
com.ta.common.AsyncTask: java.util.concurrent.Executor DUAL_THREAD_EXECUTOR
com.ta.common.AsyncTask: int MESSAGE_POST_RESULT
com.ta.common.AsyncTask: int MESSAGE_POST_PROGRESS
com.ta.common.AsyncTask: com.ta.common.AsyncTask$InternalHandler sHandler
com.ta.common.AsyncTask: java.util.concurrent.Executor sDefaultExecutor
com.ta.common.AsyncTask: com.ta.common.AsyncTask$WorkerRunnable mWorker
com.ta.common.AsyncTask: java.util.concurrent.FutureTask mFuture
com.ta.common.AsyncTask: com.ta.common.AsyncTask$Status mStatus
com.ta.common.AsyncTask: java.util.concurrent.atomic.AtomicBoolean mCancelled
com.ta.common.AsyncTask: java.util.concurrent.atomic.AtomicBoolean mTaskInvoked
com.ta.common.AsyncTask: int[] $SWITCH_TABLE$com$ta$common$AsyncTask$Status
com.ta.common.AsyncTask: void <clinit>()
com.ta.common.AsyncTask: void init()
com.ta.common.AsyncTask: void setDefaultExecutor(java.util.concurrent.Executor)
com.ta.common.AsyncTask: AsyncTask()
com.ta.common.AsyncTask$1
com.ta.common.AsyncTask$1: java.util.concurrent.atomic.AtomicInteger mCount
com.ta.common.AsyncTask$1: AsyncTask$1()
com.ta.common.AsyncTask$1: java.lang.Thread newThread(java.lang.Runnable)