CloudBox_StoreApp/proguard/mapping.txt
com.zhidian.wifibox.R -> com.zhidian.wifibox.a:
com.zhidian.wifibox.R$styleable -> com.zhidian.wifibox.b:
    int[] FlowLayout -> a
    int[] FlowLayout_LayoutParams -> b
    int[] RoundProgressBar -> c
    int[] SlidingMenu -> d
com.zhidian.wifibox.activity.APKManageActivity -> com.zhidian.wifibox.activity.APKManageActivity:
    java.lang.String TAG -> a
    android.widget.ListView listView -> b
    android.widget.TextView tvApkTotal -> c
    android.widget.TextView tvSizeTotal -> d
    android.widget.TextView tvScaning -> e
    android.widget.ToggleButton toggleButton -> f
    android.widget.Button btnInstall -> g
    android.widget.Button btnClear -> h
    com.zhidian.wifibox.util.ApkInfoProvider provider -> i
    com.zhidian.wifibox.adapter.ApkInfoAdapter adapter -> j
    android.widget.LinearLayout proLayout -> k
    android.content.Context mContext -> l
    long totalSize -> m
    long total -> n
    long selectTotal -> o
    android.widget.LinearLayout nocontentLayout -> p
    android.widget.LinearLayout havecontentLayout -> q
    android.widget.LinearLayout showTotalLayout -> r
    android.content.BroadcastReceiver mAppInstallListener -> s
    android.content.BroadcastReceiver mDeleteApkListener -> t
    android.os.Handler mHandler -> u
    72:83:void onCreate(android.os.Bundle) -> onCreate
    89:110:void initUI() -> a
    114:123:void initRegisterReceiver() -> b
    201:203:void showProgress() -> c
    206:210:void showContent() -> d
    213:320:void initList() -> e
    327:370:void initData() -> f
    421:437:void onClick(android.view.View) -> onClick
    443:493:void gotoClear() -> g
    500:525:void gotoInstall() -> h
com.zhidian.wifibox.activity.APKManageActivity$1 -> com.zhidian.wifibox.activity.a:
    com.zhidian.wifibox.activity.APKManageActivity this$0 -> a
    133:145:void onReceive(android.content.Context,android.content.Intent) -> onReceive
com.zhidian.wifibox.activity.APKManageActivity$2 -> com.zhidian.wifibox.activity.b:
    com.zhidian.wifibox.activity.APKManageActivity this$0 -> a
    156:197:void onReceive(android.content.Context,android.content.Intent) -> onReceive
com.zhidian.wifibox.activity.APKManageActivity$3 -> com.zhidian.wifibox.activity.c:
    com.zhidian.wifibox.activity.APKManageActivity this$0 -> a
    377:415:void handleMessage(android.os.Message) -> handleMessage
com.zhidian.wifibox.activity.APKManageActivity$4 -> com.zhidian.wifibox.activity.d:
    com.zhidian.wifibox.activity.APKManageActivity this$0 -> a
    218:241:void callback(com.zhidian.wifibox.data.APKInfo) -> a
    246:247:void nowback() -> a
    253:253:void nowScaning(java.lang.String) -> a
com.zhidian.wifibox.activity.APKManageActivity$5 -> com.zhidian.wifibox.activity.e:
    com.zhidian.wifibox.activity.APKManageActivity this$0 -> a
    262:284:void onItemClick(android.widget.AdapterView,android.view.View,int,long) -> onItemClick
com.zhidian.wifibox.activity.APKManageActivity$6 -> com.zhidian.wifibox.activity.f:
    com.zhidian.wifibox.activity.APKManageActivity this$0 -> a
    293:318:void onCheckedChanged(android.widget.CompoundButton,boolean) -> onCheckedChanged
com.zhidian.wifibox.activity.APKManageActivity$7 -> com.zhidian.wifibox.activity.g:
    com.zhidian.wifibox.activity.APKManageActivity this$0 -> a
    331:367:void run() -> run
    328:328:com.zhidian.wifibox.activity.APKManageActivity access$0(com.zhidian.wifibox.activity.APKManageActivity$7) -> a
com.zhidian.wifibox.activity.APKManageActivity$7$1 -> com.zhidian.wifibox.activity.h:
    com.zhidian.wifibox.activity.APKManageActivity$7 this$1 -> a
    338:342:void callback(com.zhidian.wifibox.data.APKInfo) -> a
    348:348:void nowback() -> a
    353:357:void nowScaning(java.lang.String) -> a
...
android.support.v4.content.AsyncTaskLoader -> android.support.v4.content.AsyncTaskLoader:
    java.lang.String TAG -> TAG
    boolean DEBUG -> DEBUG
    android.support.v4.content.AsyncTaskLoader$LoadTask mTask -> mTask
    android.support.v4.content.AsyncTaskLoader$LoadTask mCancellingTask -> mCancellingTask
    long mUpdateThrottle -> mUpdateThrottle
    long mLastLoadCompleteTime -> mLastLoadCompleteTime
    android.os.Handler mHandler -> mHandler
    103:107:void setUpdateThrottle(long) -> setUpdateThrottle
    111:116:void onForceLoad() -> onForceLoad
    136:166:boolean cancelLoad() -> cancelLoad
    174:174:void onCanceled(java.lang.Object) -> onCanceled
    177:197:void executePendingTask() -> executePendingTask
    200:207:void dispatchOnCancelled(android.support.v4.content.AsyncTaskLoader$LoadTask,java.lang.Object) -> dispatchOnCancelled
    210:224:void dispatchOnLoadComplete(android.support.v4.content.AsyncTaskLoader$LoadTask,java.lang.Object) -> dispatchOnLoadComplete
    java.lang.Object loadInBackground() -> loadInBackground
    240:240:java.lang.Object onLoadInBackground() -> onLoadInBackground
    254:262:void waitForLoader() -> waitForLoader
    266:283:void dump(java.lang.String,java.io.FileDescriptor,java.io.PrintWriter,java.lang.String[]) -> dump
android.support.v4.content.AsyncTaskLoader$LoadTask -> android.support.v4.content.AsyncTaskLoader$LoadTask:
    java.lang.Object result -> result
    boolean waiting -> waiting
    java.util.concurrent.CountDownLatch done -> done
    android.support.v4.content.AsyncTaskLoader this$0 -> this$0
    51:53:java.lang.Object doInBackground(java.lang.Void[]) -> doInBackground
    61:65:void onPostExecute(java.lang.Object) -> onPostExecute
    71:75:void onCancelled() -> onCancelled
    79:81:void run() -> run
    40:40:java.lang.Object doInBackground(java.lang.Object[]) -> doInBackground
    40:40:java.util.concurrent.CountDownLatch access$000(android.support.v4.content.AsyncTaskLoader$LoadTask) -> access$000
android.support.v4.content.ContextCompat -> android.support.v4.content.ContextCompat:
    57:57:boolean startActivities(android.content.Context,android.content.Intent[]) -> startActivities
    89:97:boolean startActivities(android.content.Context,android.content.Intent[],android.os.Bundle) -> startActivities
android.support.v4.content.ContextCompatHoneycomb -> android.support.v4.content.ContextCompatHoneycomb:
    28:29:void startActivities(android.content.Context,android.content.Intent[]) -> startActivities
android.support.v4.content.ContextCompatJellybean -> android.support.v4.content.ContextCompatJellybean:
    26:27:void startActivities(android.content.Context,android.content.Intent[],android.os.Bundle) -> startActivities