CloudBox_StoreApp/proguard/usage.txt
com.zhidian.wifibox.BuildConfig
com.zhidian.wifibox.R:
    10:10:public R()
com.zhidian.wifibox.R$anim
com.zhidian.wifibox.R$attr
com.zhidian.wifibox.R$color
com.zhidian.wifibox.R$dimen
com.zhidian.wifibox.R$drawable
com.zhidian.wifibox.R$id
com.zhidian.wifibox.R$layout
com.zhidian.wifibox.R$menu
com.zhidian.wifibox.R$string
com.zhidian.wifibox.R$style
com.zhidian.wifibox.R$styleable:
    public static final int FlowLayout_debugDraw
    public static final int FlowLayout_horizontalSpacing
    public static final int FlowLayout_orientation
    public static final int FlowLayout_verticalSpacing
    public static final int FlowLayout_LayoutParams_layout_horizontalSpacing
    public static final int FlowLayout_LayoutParams_layout_newLine
    public static final int FlowLayout_LayoutParams_layout_verticalSpacing
    public static final int RoundProgressBar_max
    public static final int RoundProgressBar_roundColor
    public static final int RoundProgressBar_roundProgressColor
    public static final int RoundProgressBar_roundWidth
    public static final int RoundProgressBar_style
    public static final int RoundProgressBar_textColor
    public static final int RoundProgressBar_textIsDisplayable
    public static final int RoundProgressBar_textSize
    public static final int SlidingMenu_behindOffset
    public static final int SlidingMenu_behindScrollScale
    public static final int SlidingMenu_behindWidth
    public static final int SlidingMenu_fadeDegree
    public static final int SlidingMenu_fadeEnabled
    public static final int SlidingMenu_mode
    public static final int SlidingMenu_selectorDrawable
    public static final int SlidingMenu_selectorEnabled
    public static final int SlidingMenu_shadowDrawable
    public static final int SlidingMenu_shadowWidth
com.zhidian.wifibox.R$xml
com.zhidian.wifibox.activity.APKManageActivity:
    private static final int GET_DATA_APK
    private static final int GET_DATA_APK_SCANING
    private static final int GET_DATA_APK_FINISH
com.zhidian.wifibox.activity.AppRemoveActivity:
    protected static final int GET_SYSTEM_APP_FINISH
    protected static final int GET_USER_APP_FINISH
    private java.util.List appinfos
    280:292:private void getUserApps(java.util.List)
com.zhidian.wifibox.activity.ImagePagerActivity:
    private static final java.lang.String STATE_POSITION
    public static final java.lang.String EXTRA_IMAGE_INDEX
    public static final java.lang.String EXTRA_IMAGE_URLS
    public static final java.lang.String PARAMS
    public static final java.lang.String POSTION
    public static final java.lang.String BUNLDER
com.zhidian.wifibox.activity.MainActivity:
    public static final java.lang.String JUMP_TO_UPDATECONTAINER
    public static final java.lang.String JUMP_TO_DOWNLOADMANAGER
    111:115:public static boolean sendMessage(java.lang.Object,int,int,int,java.lang.Object,java.util.List)
com.zhidian.wifibox.activity.RecycleActivity:
    private static final int GET_SUSSCEE_DATA
    private static final int DATA_NOW
    private static final int DATA_WANG
    private static final int DATA_LONG
    private static final int DATA_DELETE_SUCCESS
    private static final int DATA_DELETE_FAIL
    private static final int DATA_DELETE_NOT
    private static final int DATA_DELETE_NO_ROOT
com.zhidian.wifibox.activity.TrashScanActivity:
    private android.widget.FrameLayout havecontentLayout
    public static final int MSG_CLEAN
    public static final int MSG_UPDATE
com.zhidian.wifibox.adapter.ApkInfoAdapter:
    63:70:public void update(java.util.List)
com.zhidian.wifibox.adapter.AppRemoveAdapter:
    212:220:private void RemoveApp(java.lang.String)
com.zhidian.wifibox.adapter.CommentAdapter:
    42:44:public void clear()
com.zhidian.wifibox.adapter.ImagePageAdapter
...
com.jiubang.core.mars.AbstractAnimateListener
com.jiubang.core.mars.EventType
com.jiubang.core.mars.IAnimateListener
com.jiubang.core.mars.ILayoutManager
com.jiubang.core.mars.ITicker
com.jiubang.core.mars.MImage:
    public static final int LEFT
    public static final int HCENTER
    public static final int RIGHT
    public static final int TOP
    public static final int VCENTER
    public static final int BOTTOM
    public static final int FILTER_NONE
    public static final int FILTER_EDGE
    public static final int FILTER_BEST
    android.graphics.Bitmap a
    int a
    int b
    float a
    float b
    float c
    float d
    float e
    boolean a
    boolean b
    boolean c
    android.graphics.Paint a
    android.graphics.Matrix a
    com.jiubang.core.mars.MImage a
    78:84:public MImage(android.graphics.Bitmap)
    94:100:public MImage(com.jiubang.core.mars.MImage)
    110:116:public MImage(android.graphics.drawable.BitmapDrawable)
    137:154:public MImage(android.graphics.drawable.Drawable,int,int,int,int)
    167:172:public MImage(android.graphics.Bitmap,boolean)
    185:190:public MImage(com.jiubang.core.mars.MImage,boolean)
    209:223:public MImage(int,int,int,int)
    233:239:public MImage(java.lang.String)
    251:257:public MImage(android.content.res.Resources,int)
    267:274:public MImage(java.io.InputStream)
    282:282:public int getWidth()
    291:291:public int getHeight()
    300:300:public float getScaleWidth()
    309:309:public float getScaleHeight()
    318:318:public float getRotation()
    327:327:public boolean getFlipAlongX()
    336:336:public boolean getFlipAlongY()
com.jiubang.core.mars.XAEngine
com.jiubang.core.mars.XAEngine$1
com.jiubang.core.mars.XALinear
com.jiubang.core.mars.XAnimator:
    private java.util.List a
    protected com.jiubang.core.mars.IAnimateListener mListener
    private int a
    private int b
    private long a
    private int c
    private boolean a
    private long b
    private long c
    private boolean b
    private int d
    private boolean c
    67:78:public XAnimator(int)
    90:108:public synchronized void attachAnimator(com.jiubang.core.mars.XAnimator)
    113:128:public synchronized void insertAnimator(int,com.jiubang.core.mars.XAnimator)
    132:137:public int indexOfAnimator(com.jiubang.core.mars.XAnimator)
    150:157:public synchronized void detachAnimator(com.jiubang.core.mars.XAnimator)
    172:192:public synchronized void replaceAnimator(int,com.jiubang.core.mars.XAnimator)
    196:197:public void slow(float)
    201:249:public synchronized boolean tick()
    254:270:protected boolean aniSelf()
    281:282:public void setAnimateListener(com.jiubang.core.mars.IAnimateListener)
    297:305:public void delay(int,long)
    309:322:public void start()
    326:328:public void reStart()
    337:337:public boolean isIndelay()
    342:343:public void stop()
    protected abstract boolean animate()